Arguments: 
  G:\laragon\bin\nodejs\node-v14\node.exe C:\Users\User\AppData\Roaming\npm\node_modules\yarn\bin\yarn.js add elliptice

PATH: 
  C:\Users\User\AppData\Local\Yarn\config\global\node_modules\.bin;C:\Users\User\AppData\Roaming\npm;C:\Users\User\AppData\Roaming\Composer\vendor\bin;;G:\laragon\bin\laragon\utils;G:\laragon\bin\mysql\mysql-5.7.33-winx64\bin;G:\laragon\bin\php\php-7.4.19-Win32-vc15-x64;G:\laragon\bin\composer;G:\laragon\bin\apache\httpd-2.4.47-win64-VS16\bin;G:\laragon\bin\redis\redis-x64-3.2.100;G:\laragon\bin\nodejs\node-v14;G:\laragon\bin\nginx\nginx-1.19.10;G:\laragon\bin\notepad++;G:\laragon\bin\telnet;G:\laragon\bin\ngrok;G:\laragon\bin\git\bin;G:\laragon\bin\git\cmd;G:\laragon\bin\git\usr\bin;G:\laragon\bin\git\mingw64\bin;G:\laragon\bin;G:\laragon\usr\bin;G:\laragon\bin\cmder\bin;C:\Python39\Scripts\;C:\Python39\;C:\Windows\system32;C:\Windows;C:\Windows\System32\Wbem;C:\Windows\System32\WindowsPowerShell\v1.0\;C:\Windows\System32\OpenSSH\;C:\Program Files (x86)\NVIDIA Corporation\PhysX\Common;C:\Program Files\NVIDIA Corporation\NVIDIA NvDLISR;C:\Program Files\Intel\WiFi\bin\;C:\Program Files\Common Files\Intel\WirelessCommon\;C:\Program Files\php-8.0;C:\ProgramData\ComposerSetup\bin;C:\Program Files\PuTTY\;C:\Program Files\nodejs\;C:\ProgramData\chocolatey\bin;C:\Program Files\Go\bin;C:\Program Files\Git\cmd;C:\Users\User\AppData\Local\Microsoft\WindowsApps;C:\Program Files\Intel\WiFi\bin\;C:\Program Files\Common Files\Intel\WirelessCommon\;C:\Program Files\JetBrains\PhpStorm 2021.1.3\bin;;C:\Users\User\AppData\Roaming\Composer\vendor\bin;C:\Program Files\JetBrains\WebStorm 2021.1.2\bin;;C:\Users\User\.deno\bin;C:\Program Files\JetBrains\WebStorm 2021.1.3\bin;;C:\Users\User\AppData\Local\Programs\Microsoft VS Code\bin;C:\Program Files\JetBrains\GoLand 2021.2\bin;;C:\Users\User\AppData\Roaming\npm;C:\Users\User\go\bin;C:\Program Files\JetBrains\CLion 2021.2.1\bin;;C:\Program Files\Git\usr\bin;C:\Program Files\Git\usr\share\vim\vim74;G:\laragon\bin\cmder\;

Yarn version: 
  1.22.11

Node version: 
  14.16.1

Platform: 
  win32 x64

Trace: 
  Error: https://registry.yarnpkg.com/elliptice: Not found
      at Request.params.callback [as _callback] (C:\Users\User\AppData\Roaming\npm\node_modules\yarn\lib\cli.js:66992:18)
      at Request.self.callback (C:\Users\User\AppData\Roaming\npm\node_modules\yarn\lib\cli.js:140763:22)
      at Request.emit (events.js:315:20)
      at Request.<anonymous> (C:\Users\User\AppData\Roaming\npm\node_modules\yarn\lib\cli.js:141735:10)
      at Request.emit (events.js:315:20)
      at IncomingMessage.<anonymous> (C:\Users\User\AppData\Roaming\npm\node_modules\yarn\lib\cli.js:141657:12)
      at Object.onceWrapper (events.js:421:28)
      at IncomingMessage.emit (events.js:327:22)
      at endReadableNT (internal/streams/readable.js:1327:12)
      at processTicksAndRejections (internal/process/task_queues.js:80:21)

npm manifest: 
  {
    "name": "abircoin",
    "version": "1.0.0",
    "main": "index.js",
    "license": "MIT",
    "dependencies": {
      "crypto-js": "^4.1.1"
    }
  }

yarn manifest: 
  No manifest

Lockfile: 
  # THIS IS AN AUTOGENERATED FILE. DO NOT EDIT THIS FILE DIRECTLY.
  # yarn lockfile v1
  
  
  crypto-js@^4.1.1:
    version "4.1.1"
    resolved "https://registry.yarnpkg.com/crypto-js/-/crypto-js-4.1.1.tgz#9e485bcf03521041bd85844786b83fb7619736cf"
    integrity sha512-o2JlM7ydqd3Qk9CA0L4NL6mTzU2sdx96a+oOfPu8Mkl/PK51vSyoi8/rQ8NknZtk44vq15lmhAj9CIAGwgeWKw==
